-------------------------------------------------------------------------------
Test set: climoilou.entrepot.rechercheSimple.critere.MemeIDCritereTest
-------------------------------------------------------------------------------
Tests run: 2, Failures: 1, Errors: 0, Skipped: 0, Time elapsed: 0.04 sec <<< FAILURE! - in climoilou.entrepot.rechercheSimple.critere.MemeIDCritereTest
getElementTrouveTest(climoilou.entrepot.rechercheSimple.critere.MemeIDCritereTest)  Time elapsed: 0.011 sec  <<< FAILURE!
java.lang.AssertionError: negativeuid
	at climoilou.entrepot.rechercheSimple.critere.MemeIDCritere.<init>(MemeIDCritere.java:24)
	at climoilou.entrepot.rechercheSimple.critere.MemeIDCritereTest.getElementTrouveTest(MemeIDCritereTest.java:70)

